<?xml version="1.0" encoding="UTF-8"?>
<testng-results ignored="0" total="2" passed="2" failed="0" skipped="0">
  <reporter-output>
  </reporter-output>
  <suite started-at="2026-04-15T17:53:45 IST" name="Surefire suite" finished-at="2026-04-15T17:54:11 IST" duration-ms="26142">
    <groups>
    </groups>
    <test started-at="2026-04-15T17:53:45 IST" name="Surefire test" finished-at="2026-04-15T17:54:11 IST" duration-ms="26142">
      <class name="com.tests.LoginPageTest">
        <test-method is-config="true" signature="launchbrowser()[pri:0, instance:com.tests.LoginPageTest@72cde7cc]" started-at="2026-04-15T17:53:45 IST" name="launchbrowser" finished-at="2026-04-15T17:53:57 IST" duration-ms="12084" status="PASS">
          <reporter-output>
          </reporter-output>
        </test-method> <!-- launchbrowser -->
        <test-method signature="verifyLogin()[pri:0, instance:com.tests.LoginPageTest@72cde7cc]" started-at="2026-04-15T17:53:57 IST" name="verifyLogin" finished-at="2026-04-15T17:54:03 IST" duration-ms="6359" status="PASS">
          <reporter-output>
          </reporter-output>
        </test-method> <!-- verifyLogin -->
      </class> <!-- com.tests.LoginPageTest -->
      <class name="com.tests.SwitchingWindowTest">
        <test-method is-config="true" signature="launchdemobrowser()[pri:0, instance:com.tests.SwitchingWindowTest@4de4b452]" started-at="2026-04-15T17:54:03 IST" name="launchdemobrowser" finished-at="2026-04-15T17:54:08 IST" duration-ms="5148" status="PASS">
          <reporter-output>
          </reporter-output>
        </test-method> <!-- launchdemobrowser -->
        <test-method signature="switchingframes()[pri:0, instance:com.tests.SwitchingWindowTest@4de4b452]" started-at="2026-04-15T17:54:08 IST" name="switchingframes" finished-at="2026-04-15T17:54:11 IST" duration-ms="2317" status="PASS">
          <reporter-output>
          </reporter-output>
        </test-method> <!-- switchingframes -->
      </class> <!-- com.tests.SwitchingWindowTest -->
    </test> <!-- Surefire test -->
  </suite> <!-- Surefire suite -->
</testng-results>
