<?xml version="1.0" encoding="UTF-8"?>
<testng-results ignored="0" total="1" passed="1" failed="0" skipped="0">
  <reporter-output>
  </reporter-output>
  <suite started-at="2026-04-11T21:09:17 IST" name="Surefire suite" finished-at="2026-04-11T21:09:35 IST" duration-ms="17388">
    <groups>
    </groups>
    <test started-at="2026-04-11T21:09:17 IST" name="Surefire test" finished-at="2026-04-11T21:09:35 IST" duration-ms="17388">
      <class name="com.tests.LoginPageTest">
        <test-method is-config="true" signature="launchbrowser()[pri:0, instance:com.tests.LoginPageTest@a3d8174]" started-at="2026-04-11T21:09:17 IST" name="launchbrowser" finished-at="2026-04-11T21:09:30 IST" duration-ms="12875" status="PASS">
          <reporter-output>
          </reporter-output>
        </test-method> <!-- launchbrowser -->
        <test-method signature="verifyLogin()[pri:1, instance:com.tests.LoginPageTest@a3d8174]" started-at="2026-04-11T21:09:30 IST" name="verifyLogin" finished-at="2026-04-11T21:09:35 IST" duration-ms="4262" status="PASS">
          <reporter-output>
          </reporter-output>
        </test-method> <!-- verifyLogin -->
      </class> <!-- com.tests.LoginPageTest -->
    </test> <!-- Surefire test -->
  </suite> <!-- Surefire suite -->
</testng-results>
